{"E:\\Proyectos\\React\\spotify-project\\backend\\app.ts": {"path":"E:\\Proyectos\\React\\spotify-project\\backend\\app.ts","statementMap":{"0":{"start":{"line":2,"column":0},"end":{"line":2,"column":30}},"1":{"start":{"line":3,"column":0},"end":{"line":3,"column":34}},"2":{"start":{"line":4,"column":0},"end":{"line":4,"column":56}},"3":{"start":{"line":5,"column":0},"end":{"line":5,"column":51}},"4":{"start":{"line":6,"column":0},"end":{"line":6,"column":37}},"5":{"start":{"line":8,"column":12},"end":{"line":8,"column":21}},"6":{"start":{"line":10,"column":0},"end":{"line":10,"column":null}},"7":{"start":{"line":11,"column":13},"end":{"line":11,"column":33}},"8":{"start":{"line":12,"column":17},"end":{"line":12,"column":116}},"9":{"start":{"line":14,"column":0},"end":{"line":14,"column":null}},"10":{"start":{"line":16,"column":0},"end":{"line":16,"column":52}},"11":{"start":{"line":17,"column":0},"end":{"line":17,"column":44}},"12":{"start":{"line":20,"column":0},"end":{"line":20,"column":null}},"13":{"start":{"line":21,"column":0},"end":{"line":23,"column":null}},"14":{"start":{"line":22,"column":2},"end":{"line":22,"column":25}},"15":{"start":{"line":26,"column":0},"end":{"line":28,"column":null}},"16":{"start":{"line":27,"column":2},"end":{"line":27,"column":63}},"17":{"start":{"line":30,"column":0},"end":{"line":30,"column":null}}},"fnMap":{"0":{"name":"(anonymous_1)","decl":{"start":{"line":21,"column":13},"end":{"line":21,"column":14}},"loc":{"start":{"line":21,"column":26},"end":{"line":23,"column":1}}},"1":{"name":"(anonymous_2)","decl":{"start":{"line":26,"column":17},"end":{"line":26,"column":20}},"loc":{"start":{"line":26,"column":22},"end":{"line":28,"column":1}}}},"branchMap":{"0":{"loc":{"start":{"line":12,"column":17},"end":{"line":12,"column":116}},"type":"cond-expr","locations":[{"start":{"line":12,"column":53},"end":{"line":12,"column":79}},{"start":{"line":12,"column":84},"end":{"line":12,"column":115}}]},"1":{"loc":{"start":{"line":12,"column":53},"end":{"line":12,"column":79}},"type":"binary-expr","locations":[{"start":{"line":12,"column":53},"end":{"line":12,"column":73}},{"start":{"line":12,"column":77},"end":{"line":12,"column":79}}]},"2":{"loc":{"start":{"line":12,"column":84},"end":{"line":12,"column":115}},"type":"binary-expr","locations":[{"start":{"line":12,"column":84},"end":{"line":12,"column":109}},{"start":{"line":12,"column":113},"end":{"line":12,"column":115}}]}},"s":{"0":1,"1":1,"2":1,"3":1,"4":1,"5":1,"6":1,"7":1,"8":1,"9":1,"10":1,"11":1,"12":1,"13":1,"14":0,"15":1,"16":1,"17":1},"f":{"0":0,"1":1},"b":{"0":[1,0],"1":[1,0],"2":[0,0]}}
,"E:\\Proyectos\\React\\spotify-project\\backend\\config\\database.config.ts": {"path":"E:\\Proyectos\\React\\spotify-project\\backend\\config\\database.config.ts","statementMap":{"0":{"start":{"line":1,"column":17},"end":{"line":1,"column":36}},"1":{"start":{"line":2,"column":0},"end":{"line":2,"column":null}},"2":{"start":{"line":4,"column":23},"end":{"line":10,"column":null}},"3":{"start":{"line":4,"column":45},"end":{"line":10,"column":null}},"4":{"start":{"line":5,"column":20},"end":{"line":8,"column":null}},"5":{"start":{"line":9,"column":4},"end":{"line":9,"column":null}},"6":{"start":{"line":4,"column":13},"end":{"line":4,"column":23}}},"fnMap":{"0":{"name":"(anonymous_7)","decl":{"start":{"line":4,"column":23},"end":{"line":4,"column":30}},"loc":{"start":{"line":4,"column":45},"end":{"line":10,"column":null}}},"1":{"name":"(anonymous_8)","decl":{"start":{"line":4,"column":45},"end":{"line":4,"column":null}},"loc":{"start":{"line":4,"column":45},"end":{"line":10,"column":1}}}},"branchMap":{},"s":{"0":1,"1":1,"2":1,"3":1,"4":1,"5":1,"6":1},"f":{"0":1,"1":1},"b":{}}
,"E:\\Proyectos\\React\\spotify-project\\backend\\config\\enviroment.config.ts": {"path":"E:\\Proyectos\\React\\spotify-project\\backend\\config\\enviroment.config.ts","statementMap":{"0":{"start":{"line":1,"column":0},"end":{"line":1,"column":33}},"1":{"start":{"line":3,"column":26},"end":{"line":7,"column":1}},"2":{"start":{"line":4,"column":4},"end":{"line":4,"column":20}},"3":{"start":{"line":5,"column":17},"end":{"line":5,"column":23}},"4":{"start":{"line":6,"column":4},"end":{"line":6,"column":34}},"5":{"start":{"line":3,"column":13},"end":{"line":3,"column":26}}},"fnMap":{"0":{"name":"(anonymous_6)","decl":{"start":{"line":3,"column":26},"end":{"line":3,"column":29}},"loc":{"start":{"line":3,"column":31},"end":{"line":7,"column":1}}}},"branchMap":{},"s":{"0":1,"1":1,"2":1,"3":1,"4":1,"5":1},"f":{"0":1},"b":{}}
,"E:\\Proyectos\\React\\spotify-project\\backend\\src\\constants\\status-response.constants.ts": {"path":"E:\\Proyectos\\React\\spotify-project\\backend\\src\\constants\\status-response.constants.ts","statementMap":{"0":{"start":{"line":1,"column":13},"end":{"line":28,"column":null}}},"fnMap":{},"branchMap":{},"s":{"0":1},"f":{},"b":{}}
,"E:\\Proyectos\\React\\spotify-project\\backend\\src\\controller\\login\\index.ts": {"path":"E:\\Proyectos\\React\\spotify-project\\backend\\src\\controller\\login\\index.ts","statementMap":{"0":{"start":{"line":1,"column":0},"end":{"line":1,"column":28}},"1":{"start":{"line":2,"column":0},"end":{"line":2,"column":67}},"2":{"start":{"line":3,"column":0},"end":{"line":3,"column":76}},"3":{"start":{"line":5,"column":0},"end":{"line":5,"column":54}},"4":{"start":{"line":10,"column":21},"end":{"line":51,"column":2}},"5":{"start":{"line":10,"column":50},"end":{"line":51,"column":2}},"6":{"start":{"line":11,"column":21},"end":{"line":11,"column":24}},"7":{"start":{"line":12,"column":32},"end":{"line":12,"column":36}},"8":{"start":{"line":13,"column":4},"end":{"line":50,"column":null}},"9":{"start":{"line":14,"column":36},"end":{"line":14,"column":67}},"10":{"start":{"line":16,"column":8},"end":{"line":46,"column":null}},"11":{"start":{"line":17,"column":34},"end":{"line":19,"column":null}},"12":{"start":{"line":21,"column":12},"end":{"line":43,"column":null}},"13":{"start":{"line":23,"column":30},"end":{"line":26,"column":18}},"14":{"start":{"line":29,"column":16},"end":{"line":29,"column":50}},"15":{"start":{"line":30,"column":16},"end":{"line":33,"column":18}},"16":{"start":{"line":35,"column":16},"end":{"line":40,"column":19}},"17":{"start":{"line":42,"column":16},"end":{"line":42,"column":79}},"18":{"start":{"line":45,"column":12},"end":{"line":45,"column":71}},"19":{"start":{"line":48,"column":8},"end":{"line":48,"column":27}},"20":{"start":{"line":49,"column":8},"end":{"line":49,"column":65}},"21":{"start":{"line":10,"column":13},"end":{"line":10,"column":21}}},"fnMap":{"0":{"name":"(anonymous_8)","decl":{"start":{"line":10,"column":21},"end":{"line":10,"column":28}},"loc":{"start":{"line":10,"column":50},"end":{"line":51,"column":2}}},"1":{"name":"(anonymous_9)","decl":{"start":{"line":10,"column":50},"end":{"line":10,"column":null}},"loc":{"start":{"line":10,"column":50},"end":{"line":51,"column":1}}}},"branchMap":{"0":{"loc":{"start":{"line":16,"column":8},"end":{"line":46,"column":null}},"type":"if","locations":[{"start":{"line":16,"column":8},"end":{"line":46,"column":null}},{"start":{"line":44,"column":15},"end":{"line":46,"column":null}}]},"1":{"loc":{"start":{"line":21,"column":12},"end":{"line":43,"column":null}},"type":"if","locations":[{"start":{"line":21,"column":12},"end":{"line":43,"column":null}},{"start":{"line":41,"column":19},"end":{"line":43,"column":null}}]},"2":{"loc":{"start":{"line":25,"column":31},"end":{"line":25,"column":65}},"type":"cond-expr","locations":[{"start":{"line":25,"column":59},"end":{"line":25,"column":63}},{"start":{"line":25,"column":63},"end":{"line":25,"column":65}}]},"3":{"loc":{"start":{"line":25,"column":31},"end":{"line":25,"column":63}},"type":"binary-expr","locations":[{"start":{"line":25,"column":31},"end":{"line":25,"column":63}},{"start":{"line":25,"column":59},"end":{"line":25,"column":63}}]}},"s":{"0":1,"1":1,"2":1,"3":1,"4":1,"5":0,"6":0,"7":0,"8":0,"9":0,"10":0,"11":0,"12":0,"13":0,"14":0,"15":0,"16":0,"17":0,"18":0,"19":0,"20":0,"21":1},"f":{"0":0,"1":0},"b":{"0":[0,0],"1":[0,0],"2":[0,0],"3":[0,0]}}
,"E:\\Proyectos\\React\\spotify-project\\backend\\src\\controller\\user\\index.ts": {"path":"E:\\Proyectos\\React\\spotify-project\\backend\\src\\controller\\user\\index.ts","statementMap":{"0":{"start":{"line":1,"column":0},"end":{"line":1,"column":50}},"1":{"start":{"line":3,"column":0},"end":{"line":3,"column":28}},"2":{"start":{"line":4,"column":0},"end":{"line":4,"column":76}},"3":{"start":{"line":9,"column":22},"end":{"line":28,"column":2}},"4":{"start":{"line":9,"column":51},"end":{"line":28,"column":2}},"5":{"start":{"line":10,"column":21},"end":{"line":10,"column":24}},"6":{"start":{"line":11,"column":41},"end":{"line":11,"column":53}},"7":{"start":{"line":11,"column":20},"end":{"line":11,"column":25}},"8":{"start":{"line":11,"column":36},"end":{"line":11,"column":41}},"9":{"start":{"line":12,"column":4},"end":{"line":27,"column":null}},"10":{"start":{"line":14,"column":21},"end":{"line":14,"column":45}},"11":{"start":{"line":15,"column":32},"end":{"line":15,"column":71}},"12":{"start":{"line":16,"column":8},"end":{"line":19,"column":11}},"13":{"start":{"line":20,"column":8},"end":{"line":22,"column":11}},"14":{"start":{"line":24,"column":8},"end":{"line":26,"column":11}},"15":{"start":{"line":9,"column":13},"end":{"line":9,"column":22}}},"fnMap":{"0":{"name":"(anonymous_9)","decl":{"start":{"line":9,"column":22},"end":{"line":9,"column":29}},"loc":{"start":{"line":9,"column":51},"end":{"line":28,"column":2}}},"1":{"name":"(anonymous_10)","decl":{"start":{"line":9,"column":51},"end":{"line":9,"column":null}},"loc":{"start":{"line":9,"column":51},"end":{"line":28,"column":1}}}},"branchMap":{"0":{"loc":{"start":{"line":15,"column":50},"end":{"line":15,"column":64}},"type":"cond-expr","locations":[{"start":{"line":15,"column":50},"end":{"line":15,"column":58}},{"start":{"line":15,"column":62},"end":{"line":15,"column":64}}]},"1":{"loc":{"start":{"line":15,"column":50},"end":{"line":15,"column":62}},"type":"binary-expr","locations":[{"start":{"line":15,"column":50},"end":{"line":15,"column":62}},{"start":{"line":15,"column":50},"end":{"line":15,"column":62}}]}},"s":{"0":1,"1":1,"2":1,"3":1,"4":1,"5":1,"6":1,"7":1,"8":1,"9":1,"10":1,"11":1,"12":1,"13":1,"14":0,"15":1},"f":{"0":1,"1":1},"b":{"0":[0,1],"1":[1,1]}}
,"E:\\Proyectos\\React\\spotify-project\\backend\\src\\models\\user\\index.ts": {"path":"E:\\Proyectos\\React\\spotify-project\\backend\\src\\models\\user\\index.ts","statementMap":{"0":{"start":{"line":1,"column":0},"end":{"line":1,"column":42}},"1":{"start":{"line":9,"column":29},"end":{"line":12,"column":1}},"2":{"start":{"line":10,"column":22},"end":{"line":10,"column":44}},"3":{"start":{"line":11,"column":4},"end":{"line":11,"column":null}},"4":{"start":{"line":9,"column":13},"end":{"line":9,"column":29}},"5":{"start":{"line":19,"column":30},"end":{"line":21,"column":null}},"6":{"start":{"line":19,"column":81},"end":{"line":21,"column":null}},"7":{"start":{"line":20,"column":4},"end":{"line":20,"column":null}},"8":{"start":{"line":19,"column":13},"end":{"line":19,"column":30}},"9":{"start":{"line":23,"column":30},"end":{"line":25,"column":null}},"10":{"start":{"line":23,"column":82},"end":{"line":25,"column":null}},"11":{"start":{"line":24,"column":4},"end":{"line":24,"column":null}},"12":{"start":{"line":23,"column":13},"end":{"line":23,"column":30}}},"fnMap":{"0":{"name":"(anonymous_8)","decl":{"start":{"line":9,"column":29},"end":{"line":9,"column":30}},"loc":{"start":{"line":9,"column":61},"end":{"line":12,"column":1}}},"1":{"name":"(anonymous_9)","decl":{"start":{"line":19,"column":30},"end":{"line":19,"column":37}},"loc":{"start":{"line":19,"column":81},"end":{"line":21,"column":null}}},"2":{"name":"(anonymous_10)","decl":{"start":{"line":19,"column":81},"end":{"line":19,"column":null}},"loc":{"start":{"line":19,"column":81},"end":{"line":21,"column":1}}},"3":{"name":"(anonymous_11)","decl":{"start":{"line":23,"column":30},"end":{"line":23,"column":37}},"loc":{"start":{"line":23,"column":82},"end":{"line":25,"column":null}}},"4":{"name":"(anonymous_12)","decl":{"start":{"line":23,"column":82},"end":{"line":23,"column":null}},"loc":{"start":{"line":23,"column":82},"end":{"line":25,"column":1}}}},"branchMap":{},"s":{"0":1,"1":1,"2":1,"3":1,"4":1,"5":1,"6":0,"7":0,"8":1,"9":1,"10":0,"11":0,"12":1},"f":{"0":1,"1":0,"2":0,"3":0,"4":0},"b":{}}
,"E:\\Proyectos\\React\\spotify-project\\backend\\src\\routes\\index.ts": {"path":"E:\\Proyectos\\React\\spotify-project\\backend\\src\\routes\\index.ts","statementMap":{"0":{"start":{"line":2,"column":0},"end":{"line":2,"column":33}},"1":{"start":{"line":3,"column":0},"end":{"line":3,"column":32}},"2":{"start":{"line":4,"column":0},"end":{"line":4,"column":38}},"3":{"start":{"line":6,"column":15},"end":{"line":6,"column":23}},"4":{"start":{"line":11,"column":0},"end":{"line":11,"column":32}},"5":{"start":{"line":12,"column":0},"end":{"line":12,"column":38}},"6":{"start":{"line":14,"column":0},"end":{"line":14,"column":null}}},"fnMap":{},"branchMap":{},"s":{"0":1,"1":1,"2":1,"3":1,"4":1,"5":1,"6":1},"f":{},"b":{}}
,"E:\\Proyectos\\React\\spotify-project\\backend\\src\\routes\\session\\index.ts": {"path":"E:\\Proyectos\\React\\spotify-project\\backend\\src\\routes\\session\\index.ts","statementMap":{"0":{"start":{"line":1,"column":0},"end":{"line":1,"column":33}},"1":{"start":{"line":2,"column":0},"end":{"line":2,"column":47}},"2":{"start":{"line":4,"column":15},"end":{"line":4,"column":23}},"3":{"start":{"line":6,"column":0},"end":{"line":6,"column":29}},"4":{"start":{"line":8,"column":0},"end":{"line":8,"column":22}}},"fnMap":{},"branchMap":{},"s":{"0":1,"1":1,"2":1,"3":1,"4":1},"f":{},"b":{}}
,"E:\\Proyectos\\React\\spotify-project\\backend\\src\\routes\\user\\index.ts": {"path":"E:\\Proyectos\\React\\spotify-project\\backend\\src\\routes\\user\\index.ts","statementMap":{"0":{"start":{"line":1,"column":0},"end":{"line":1,"column":33}},"1":{"start":{"line":2,"column":0},"end":{"line":2,"column":47}},"2":{"start":{"line":3,"column":15},"end":{"line":3,"column":23}},"3":{"start":{"line":5,"column":0},"end":{"line":5,"column":36}},"4":{"start":{"line":7,"column":0},"end":{"line":7,"column":22}}},"fnMap":{},"branchMap":{},"s":{"0":1,"1":1,"2":1,"3":1,"4":1},"f":{},"b":{}}
,"E:\\Proyectos\\React\\spotify-project\\backend\\src\\schema\\user\\index.ts": {"path":"E:\\Proyectos\\React\\spotify-project\\backend\\src\\schema\\user\\index.ts","statementMap":{"0":{"start":{"line":1,"column":0},"end":{"line":1,"column":32}},"1":{"start":{"line":2,"column":15},"end":{"line":2,"column":30}},"2":{"start":{"line":4,"column":19},"end":{"line":9,"column":2}},"3":{"start":{"line":11,"column":0},"end":{"line":11,"column":null}}},"fnMap":{},"branchMap":{"0":{"loc":{"start":{"line":11,"column":15},"end":{"line":11,"column":75}},"type":"binary-expr","locations":[{"start":{"line":11,"column":15},"end":{"line":11,"column":36}},{"start":{"line":11,"column":40},"end":{"line":11,"column":75}}]}},"s":{"0":1,"1":1,"2":1,"3":1},"f":{},"b":{"0":[1,1]}}
,"E:\\Proyectos\\React\\spotify-project\\backend\\src\\utils\\token.utils.ts": {"path":"E:\\Proyectos\\React\\spotify-project\\backend\\src\\utils\\token.utils.ts","statementMap":{"0":{"start":{"line":1,"column":0},"end":{"line":1,"column":31}},"1":{"start":{"line":5,"column":27},"end":{"line":7,"column":1}},"2":{"start":{"line":6,"column":4},"end":{"line":6,"column":44}},"3":{"start":{"line":5,"column":13},"end":{"line":5,"column":27}}},"fnMap":{"0":{"name":"(anonymous_1)","decl":{"start":{"line":5,"column":27},"end":{"line":5,"column":31}},"loc":{"start":{"line":5,"column":76},"end":{"line":7,"column":1}}}},"branchMap":{},"s":{"0":1,"1":1,"2":0,"3":1},"f":{"0":0},"b":{}}
,"E:\\Proyectos\\React\\spotify-project\\backend\\tests\\user\\dummy\\user.dummy.ts": {"path":"E:\\Proyectos\\React\\spotify-project\\backend\\tests\\user\\dummy\\user.dummy.ts","statementMap":{"0":{"start":{"line":1,"column":13},"end":{"line":7,"column":null}}},"fnMap":{},"branchMap":{},"s":{"0":1},"f":{},"b":{}}
}
