TN:
SF:app.ts
FN:21,(anonymous_1)
FN:26,(anonymous_2)
FNF:2
FNH:1
FNDA:0,(anonymous_1)
FNDA:1,(anonymous_2)
DA:2,1
DA:3,1
DA:4,1
DA:5,1
DA:6,1
DA:8,1
DA:10,1
DA:11,1
DA:12,1
DA:14,1
DA:16,1
DA:17,1
DA:20,1
DA:21,1
DA:22,0
DA:26,1
DA:27,1
DA:30,1
LF:18
LH:17
BRDA:12,0,0,1
BRDA:12,0,1,0
BRDA:12,1,0,1
BRDA:12,1,1,0
BRDA:12,2,0,0
BRDA:12,2,1,0
BRF:6
BRH:2
end_of_record
TN:
SF:config\database.config.ts
FN:4,(anonymous_7)
FN:4,(anonymous_8)
FNF:2
FNH:2
FNDA:1,(anonymous_7)
FNDA:1,(anonymous_8)
DA:1,1
DA:2,1
DA:4,1
DA:5,1
DA:9,1
LF:5
LH:5
BRF:0
BRH:0
end_of_record
TN:
SF:config\enviroment.config.ts
FN:3,(anonymous_6)
FNF:1
FNH:1
FNDA:1,(anonymous_6)
DA:1,1
DA:3,1
DA:4,1
DA:5,1
DA:6,1
LF:5
LH:5
BRF:0
BRH:0
end_of_record
TN:
SF:src\constants\status-response.constants.ts
FNF:0
FNH:0
DA:1,1
LF:1
LH:1
BRF:0
BRH:0
end_of_record
TN:
SF:src\controller\login\index.ts
FN:10,(anonymous_8)
FN:10,(anonymous_9)
FNF:2
FNH:0
FNDA:0,(anonymous_8)
FNDA:0,(anonymous_9)
DA:1,1
DA:2,1
DA:3,1
DA:5,1
DA:10,1
DA:11,0
DA:12,0
DA:13,0
DA:14,0
DA:16,0
DA:17,0
DA:21,0
DA:23,0
DA:29,0
DA:30,0
DA:35,0
DA:42,0
DA:45,0
DA:48,0
DA:49,0
LF:20
LH:5
BRDA:16,0,0,0
BRDA:16,0,1,0
BRDA:21,1,0,0
BRDA:21,1,1,0
BRDA:25,2,0,0
BRDA:25,2,1,0
BRDA:25,3,0,0
BRDA:25,3,1,0
BRF:8
BRH:0
end_of_record
TN:
SF:src\controller\user\index.ts
FN:9,(anonymous_9)
FN:9,(anonymous_10)
FNF:2
FNH:2
FNDA:1,(anonymous_9)
FNDA:1,(anonymous_10)
DA:1,1
DA:3,1
DA:4,1
DA:9,1
DA:10,1
DA:11,1
DA:12,1
DA:14,1
DA:15,1
DA:16,1
DA:20,1
DA:24,0
LF:12
LH:11
BRDA:15,0,0,0
BRDA:15,0,1,1
BRDA:15,1,0,1
BRDA:15,1,1,1
BRF:4
BRH:3
end_of_record
TN:
SF:src\models\user\index.ts
FN:9,(anonymous_8)
FN:19,(anonymous_9)
FN:19,(anonymous_10)
FN:23,(anonymous_11)
FN:23,(anonymous_12)
FNF:5
FNH:1
FNDA:1,(anonymous_8)
FNDA:0,(anonymous_9)
FNDA:0,(anonymous_10)
FNDA:0,(anonymous_11)
FNDA:0,(anonymous_12)
DA:1,1
DA:9,1
DA:10,1
DA:11,1
DA:19,1
DA:20,0
DA:23,1
DA:24,0
LF:8
LH:6
BRF:0
BRH:0
end_of_record
TN:
SF:src\routes\index.ts
FNF:0
FNH:0
DA:2,1
DA:3,1
DA:4,1
DA:6,1
DA:11,1
DA:12,1
DA:14,1
LF:7
LH:7
BRF:0
BRH:0
end_of_record
TN:
SF:src\routes\session\index.ts
FNF:0
FNH:0
DA:1,1
DA:2,1
DA:4,1
DA:6,1
DA:8,1
LF:5
LH:5
BRF:0
BRH:0
end_of_record
TN:
SF:src\routes\user\index.ts
FNF:0
FNH:0
DA:1,1
DA:2,1
DA:3,1
DA:5,1
DA:7,1
LF:5
LH:5
BRF:0
BRH:0
end_of_record
TN:
SF:src\schema\user\index.ts
FNF:0
FNH:0
DA:1,1
DA:2,1
DA:4,1
DA:11,1
LF:4
LH:4
BRDA:11,0,0,1
BRDA:11,0,1,1
BRF:2
BRH:2
end_of_record
TN:
SF:src\utils\token.utils.ts
FN:5,(anonymous_1)
FNF:1
FNH:0
FNDA:0,(anonymous_1)
DA:1,1
DA:5,1
DA:6,0
LF:3
LH:2
BRF:0
BRH:0
end_of_record
TN:
SF:tests\user\dummy\user.dummy.ts
FNF:0
FNH:0
DA:1,1
LF:1
LH:1
BRF:0
BRH:0
end_of_record
